<?xml version="1.0" encoding="UTF-8"?>
<<<<<<< HEAD
<testsuite xmlns:xsi="http://www.w3.org/2001/XMLSchema-instance" xsi:noNamespaceSchemaLocation="https://maven.apache.org/surefire/maven-surefire-plugin/xsd/surefire-test-report.xsd" name="com.roboticmaterials.smarthand.impl.AppTest" time="0.017" tests="1" errors="0" skipped="0" failures="0">
=======
<testsuite xmlns:xsi="http://www.w3.org/2001/XMLSchema-instance" xsi:noNamespaceSchemaLocation="https://maven.apache.org/surefire/maven-surefire-plugin/xsd/surefire-test-report.xsd" name="com.roboticmaterials.smarthand.impl.AppTest" time="0.012" tests="1" errors="0" skipped="0" failures="0">
>>>>>>> bugz
  <properties>
    <property name="sun.desktop" value="gnome"/>
    <property name="awt.toolkit" value="sun.awt.X11.XToolkit"/>
    <property name="file.encoding.pkg" value="sun.io"/>
    <property name="java.specification.version" value="1.8"/>
    <property name="sun.cpu.isalist" value=""/>
    <property name="sun.jnu.encoding" value="UTF-8"/>
<<<<<<< HEAD
    <property name="java.class.path" value="/home/kalervo/.m2/repository/org/apache/maven/surefire/surefire-booter/2.22.1/surefire-booter-2.22.1.jar:/home/kalervo/.m2/repository/org/apache/maven/surefire/surefire-api/2.22.1/surefire-api-2.22.1.jar:/home/kalervo/.m2/repository/org/apache/maven/surefire/surefire-logger-api/2.22.1/surefire-logger-api-2.22.1.jar:/home/kalervo/Documents/OG/smarthand-urcap/com.roboticmaterials.smarthand/target/test-classes:/home/kalervo/Documents/OG/smarthand-urcap/com.roboticmaterials.smarthand/target/classes:/home/kalervo/.m2/repository/org/osgi/org.osgi.core/4.3.0/org.osgi.core-4.3.0.jar:/home/kalervo/.m2/repository/com/ur/urcap/api/1.6.0/api-1.6.0.jar:/home/kalervo/.m2/repository/junit/junit/4.12/junit-4.12.jar:/home/kalervo/.m2/repository/org/hamcrest/hamcrest-core/1.3/hamcrest-core-1.3.jar:/home/kalervo/.m2/repository/org/apache/maven/surefire/surefire-junit4/2.22.1/surefire-junit4-2.22.1.jar"/>
=======
    <property name="java.class.path" value="/home/kalervo/.m2/repository/org/apache/maven/surefire/surefire-booter/2.22.1/surefire-booter-2.22.1.jar:/home/kalervo/.m2/repository/org/apache/maven/surefire/surefire-api/2.22.1/surefire-api-2.22.1.jar:/home/kalervo/.m2/repository/org/apache/maven/surefire/surefire-logger-api/2.22.1/surefire-logger-api-2.22.1.jar:/home/kalervo/Documents/Bugz/smarthand-urcap/com.roboticmaterials.smarthand/target/test-classes:/home/kalervo/Documents/Bugz/smarthand-urcap/com.roboticmaterials.smarthand/target/classes:/home/kalervo/.m2/repository/org/osgi/org.osgi.core/4.3.0/org.osgi.core-4.3.0.jar:/home/kalervo/.m2/repository/com/ur/urcap/api/1.6.0/api-1.6.0.jar:/home/kalervo/.m2/repository/junit/junit/4.12/junit-4.12.jar:/home/kalervo/.m2/repository/org/hamcrest/hamcrest-core/1.3/hamcrest-core-1.3.jar:/home/kalervo/.m2/repository/org/apache/maven/surefire/surefire-junit4/2.22.1/surefire-junit4-2.22.1.jar"/>
>>>>>>> bugz
    <property name="java.vm.vendor" value="Private Build"/>
    <property name="sun.arch.data.model" value="64"/>
    <property name="java.vendor.url" value="http://java.oracle.com/"/>
    <property name="user.timezone" value=""/>
    <property name="java.vm.specification.version" value="1.8"/>
    <property name="os.name" value="Linux"/>
    <property name="user.country" value="US"/>
    <property name="sun.java.launcher" value="SUN_STANDARD"/>
    <property name="sun.boot.library.path" value="/usr/lib/jvm/java-8-openjdk-amd64/jre/lib/amd64"/>
<<<<<<< HEAD
    <property name="sun.java.command" value="org.apache.maven.surefire.booter.ForkedBooter /home/kalervo/Documents/OG/smarthand-urcap/com.roboticmaterials.smarthand/target/surefire 2019-09-10T14-09-45_324-jvmRun1 surefire4492610751345985414tmp surefire_02509818438562847819tmp"/>
    <property name="surefire.test.class.path" value="/home/kalervo/Documents/OG/smarthand-urcap/com.roboticmaterials.smarthand/target/test-classes:/home/kalervo/Documents/OG/smarthand-urcap/com.roboticmaterials.smarthand/target/classes:/home/kalervo/.m2/repository/org/osgi/org.osgi.core/4.3.0/org.osgi.core-4.3.0.jar:/home/kalervo/.m2/repository/com/ur/urcap/api/1.6.0/api-1.6.0.jar:/home/kalervo/.m2/repository/junit/junit/4.12/junit-4.12.jar:/home/kalervo/.m2/repository/org/hamcrest/hamcrest-core/1.3/hamcrest-core-1.3.jar:"/>
=======
    <property name="sun.java.command" value="org.apache.maven.surefire.booter.ForkedBooter /home/kalervo/Documents/Bugz/smarthand-urcap/com.roboticmaterials.smarthand/target/surefire 2019-09-12T14-14-32_616-jvmRun1 surefire4024987489463916221tmp surefire_02147085978544321227tmp"/>
    <property name="surefire.test.class.path" value="/home/kalervo/Documents/Bugz/smarthand-urcap/com.roboticmaterials.smarthand/target/test-classes:/home/kalervo/Documents/Bugz/smarthand-urcap/com.roboticmaterials.smarthand/target/classes:/home/kalervo/.m2/repository/org/osgi/org.osgi.core/4.3.0/org.osgi.core-4.3.0.jar:/home/kalervo/.m2/repository/com/ur/urcap/api/1.6.0/api-1.6.0.jar:/home/kalervo/.m2/repository/junit/junit/4.12/junit-4.12.jar:/home/kalervo/.m2/repository/org/hamcrest/hamcrest-core/1.3/hamcrest-core-1.3.jar:"/>
>>>>>>> bugz
    <property name="sun.cpu.endian" value="little"/>
    <property name="user.home" value="/home/kalervo"/>
    <property name="user.language" value="en"/>
    <property name="java.specification.vendor" value="Oracle Corporation"/>
    <property name="java.home" value="/usr/lib/jvm/java-8-openjdk-amd64/jre"/>
<<<<<<< HEAD
    <property name="basedir" value="/home/kalervo/Documents/OG/smarthand-urcap/com.roboticmaterials.smarthand"/>
=======
    <property name="basedir" value="/home/kalervo/Documents/Bugz/smarthand-urcap/com.roboticmaterials.smarthand"/>
>>>>>>> bugz
    <property name="file.separator" value="/"/>
    <property name="line.separator" value="&#10;"/>
    <property name="java.vm.specification.vendor" value="Oracle Corporation"/>
    <property name="java.specification.name" value="Java Platform API Specification"/>
    <property name="java.awt.graphicsenv" value="sun.awt.X11GraphicsEnvironment"/>
    <property name="sun.boot.class.path" value="/usr/lib/jvm/java-8-openjdk-amd64/jre/lib/resources.jar:/usr/lib/jvm/java-8-openjdk-amd64/jre/lib/rt.jar:/usr/lib/jvm/java-8-openjdk-amd64/jre/lib/sunrsasign.jar:/usr/lib/jvm/java-8-openjdk-amd64/jre/lib/jsse.jar:/usr/lib/jvm/java-8-openjdk-amd64/jre/lib/jce.jar:/usr/lib/jvm/java-8-openjdk-amd64/jre/lib/charsets.jar:/usr/lib/jvm/java-8-openjdk-amd64/jre/lib/jfr.jar:/usr/lib/jvm/java-8-openjdk-amd64/jre/classes"/>
    <property name="sun.management.compiler" value="HotSpot 64-Bit Tiered Compilers"/>
    <property name="java.runtime.version" value="1.8.0_222-8u222-b10-1ubuntu1~18.04.1-b10"/>
    <property name="user.name" value="kalervo"/>
    <property name="path.separator" value=":"/>
    <property name="os.version" value="5.0.0-27-generic"/>
    <property name="java.endorsed.dirs" value="/usr/lib/jvm/java-8-openjdk-amd64/jre/lib/endorsed"/>
    <property name="java.runtime.name" value="OpenJDK Runtime Environment"/>
    <property name="file.encoding" value="UTF-8"/>
    <property name="java.vm.name" value="OpenJDK 64-Bit Server VM"/>
    <property name="localRepository" value="/home/kalervo/.m2/repository"/>
    <property name="java.vendor.url.bug" value="http://bugreport.sun.com/bugreport/"/>
    <property name="java.io.tmpdir" value="/tmp"/>
    <property name="java.version" value="1.8.0_222"/>
<<<<<<< HEAD
    <property name="user.dir" value="/home/kalervo/Documents/OG/smarthand-urcap/com.roboticmaterials.smarthand"/>
=======
    <property name="user.dir" value="/home/kalervo/Documents/Bugz/smarthand-urcap/com.roboticmaterials.smarthand"/>
>>>>>>> bugz
    <property name="os.arch" value="amd64"/>
    <property name="java.vm.specification.name" value="Java Virtual Machine Specification"/>
    <property name="java.awt.printerjob" value="sun.print.PSPrinterJob"/>
    <property name="sun.os.patch.level" value="unknown"/>
    <property name="java.library.path" value="/usr/java/packages/lib/amd64:/usr/lib/x86_64-linux-gnu/jni:/lib/x86_64-linux-gnu:/usr/lib/x86_64-linux-gnu:/usr/lib/jni:/lib:/usr/lib"/>
    <property name="java.vm.info" value="mixed mode"/>
    <property name="java.vendor" value="Private Build"/>
    <property name="java.vm.version" value="25.222-b10"/>
    <property name="java.ext.dirs" value="/usr/lib/jvm/java-8-openjdk-amd64/jre/lib/ext:/usr/java/packages/lib/ext"/>
    <property name="sun.io.unicode.encoding" value="UnicodeLittle"/>
    <property name="java.class.version" value="52.0"/>
  </properties>
  <testcase name="testApp" classname="com.roboticmaterials.smarthand.impl.AppTest" time="0.001"/>
</testsuite>